<?xml version="1.0" encoding="UTF-8"?>
<coverage generated="1710772022532" clover="3.2.0">
  <project timestamp="1710772022532" name="All files">
    <metrics statements="135" coveredstatements="102" conditionals="58" coveredconditionals="40" methods="47" coveredmethods="29" elements="240" coveredelements="171" complexity="0" loc="135" ncloc="135" packages="8" files="18" classes="18"/>
    <package name="UI">
      <metrics statements="15" coveredstatements="5" conditionals="2" coveredconditionals="1" methods="6" coveredmethods="2"/>
      <file name="CartDrawer.tsx" path="/Users/cesarfontalvo/Documents/Proyectos/Pruebas/test-frontend-juanpi/test-frontend/src/UI/CartDrawer.tsx">
        <metrics statements="6" coveredstatements="5" conditionals="2" coveredconditionals="1" methods="3" coveredmethods="2"/>
        <line num="13" count="1" type="stmt"/>
        <line num="16" count="1" type="stmt"/>
        <line num="17" count="1" type="stmt"/>
        <line num="19" count="3" type="stmt"/>
        <line num="20" count="0" type="stmt"/>
        <line num="23" count="1" type="stmt"/>
      </file>
      <file name="FinalStatus.tsx" path="/Users/cesarfontalvo/Documents/Proyectos/Pruebas/test-frontend-juanpi/test-frontend/src/UI/FinalStatus.tsx">
        <metrics statements="9" coveredstatements="0" conditionals="0" coveredconditionals="0" methods="3" coveredmethods="0"/>
        <line num="11" count="0" type="stmt"/>
        <line num="12" count="0" type="stmt"/>
        <line num="13" count="0" type="stmt"/>
        <line num="14" count="0" type="stmt"/>
        <line num="16" count="0" type="stmt"/>
        <line num="17" count="0" type="stmt"/>
        <line num="18" count="0" type="stmt"/>
        <line num="19" count="0" type="stmt"/>
        <line num="21" count="0" type="stmt"/>
      </file>
    </package>
    <package name="actions">
      <metrics statements="7" coveredstatements="7" conditionals="0" coveredconditionals="0" methods="7" coveredmethods="1"/>
      <file name="index.ts" path="/Users/cesarfontalvo/Documents/Proyectos/Pruebas/test-frontend-juanpi/test-frontend/src/actions/index.ts">
        <metrics statements="7" coveredstatements="7" conditionals="0" coveredconditionals="0" methods="7" coveredmethods="1"/>
        <line num="9" count="3" type="stmt"/>
        <line num="15" count="3" type="stmt"/>
        <line num="21" count="3" type="stmt"/>
        <line num="27" count="3" type="stmt"/>
        <line num="33" count="3" type="stmt"/>
        <line num="43" count="3" type="stmt"/>
        <line num="45" count="3" type="stmt"/>
      </file>
    </package>
    <package name="components">
      <metrics statements="45" coveredstatements="26" conditionals="13" coveredconditionals="6" methods="17" coveredmethods="12"/>
      <file name="CartOverview.tsx" path="/Users/cesarfontalvo/Documents/Proyectos/Pruebas/test-frontend-juanpi/test-frontend/src/components/CartOverview.tsx">
        <metrics statements="25" coveredstatements="7" conditionals="8" coveredconditionals="1" methods="6" coveredmethods="2"/>
        <line num="12" count="1" type="stmt"/>
        <line num="15" count="0" type="stmt"/>
        <line num="16" count="0" type="stmt"/>
        <line num="17" count="0" type="stmt"/>
        <line num="19" count="0" type="cond" truecount="0" falsecount="2"/>
        <line num="20" count="0" type="stmt"/>
        <line num="22" count="0" type="stmt"/>
        <line num="29" count="1" type="stmt"/>
        <line num="30" count="1" type="stmt"/>
        <line num="31" count="1" type="stmt"/>
        <line num="32" count="1" type="stmt"/>
        <line num="34" count="1" type="stmt"/>
        <line num="35" count="0" type="stmt"/>
        <line num="36" count="0" type="stmt"/>
        <line num="37" count="0" type="stmt"/>
        <line num="48" count="0" type="stmt"/>
        <line num="50" count="0" type="cond" truecount="0" falsecount="2"/>
        <line num="51" count="0" type="stmt"/>
        <line num="52" count="0" type="stmt"/>
        <line num="54" count="0" type="stmt"/>
        <line num="57" count="0" type="stmt"/>
        <line num="59" count="0" type="stmt"/>
        <line num="62" count="1" type="cond" truecount="1" falsecount="1"/>
        <line num="63" count="0" type="stmt"/>
        <line num="69" count="0" type="stmt"/>
      </file>
      <file name="CreditCardInput.tsx" path="/Users/cesarfontalvo/Documents/Proyectos/Pruebas/test-frontend-juanpi/test-frontend/src/components/CreditCardInput.tsx">
        <metrics statements="10" coveredstatements="10" conditionals="2" coveredconditionals="2" methods="3" coveredmethods="3"/>
        <line num="11" count="1" type="stmt"/>
        <line num="18" count="3" type="stmt"/>
        <line num="19" count="3" type="stmt"/>
        <line num="21" count="3" type="stmt"/>
        <line num="22" count="1" type="stmt"/>
        <line num="23" count="1" type="stmt"/>
        <line num="29" count="3" type="stmt"/>
        <line num="30" count="3" type="stmt"/>
        <line num="31" count="3" type="cond" truecount="2" falsecount="0"/>
        <line num="33" count="3" type="stmt"/>
      </file>
      <file name="DeleteFromCartButton.tsx" path="/Users/cesarfontalvo/Documents/Proyectos/Pruebas/test-frontend-juanpi/test-frontend/src/components/DeleteFromCartButton.tsx">
        <metrics statements="1" coveredstatements="1" conditionals="0" coveredconditionals="0" methods="1" coveredmethods="1"/>
        <line num="6" count="2" type="stmt"/>
      </file>
      <file name="EmptyState.tsx" path="/Users/cesarfontalvo/Documents/Proyectos/Pruebas/test-frontend-juanpi/test-frontend/src/components/EmptyState.tsx">
        <metrics statements="1" coveredstatements="1" conditionals="1" coveredconditionals="1" methods="1" coveredmethods="1"/>
        <line num="8" count="3" type="stmt"/>
      </file>
      <file name="Input.tsx" path="/Users/cesarfontalvo/Documents/Proyectos/Pruebas/test-frontend-juanpi/test-frontend/src/components/Input.tsx">
        <metrics statements="1" coveredstatements="1" conditionals="0" coveredconditionals="0" methods="1" coveredmethods="1"/>
        <line num="4" count="1" type="stmt"/>
      </file>
      <file name="Label.tsx" path="/Users/cesarfontalvo/Documents/Proyectos/Pruebas/test-frontend-juanpi/test-frontend/src/components/Label.tsx">
        <metrics statements="1" coveredstatements="1" conditionals="0" coveredconditionals="0" methods="1" coveredmethods="1"/>
        <line num="3" count="3" type="stmt"/>
      </file>
      <file name="Navbar.tsx" path="/Users/cesarfontalvo/Documents/Proyectos/Pruebas/test-frontend-juanpi/test-frontend/src/components/Navbar.tsx">
        <metrics statements="1" coveredstatements="1" conditionals="0" coveredconditionals="0" methods="1" coveredmethods="1"/>
        <line num="6" count="1" type="stmt"/>
      </file>
      <file name="PrimaryButton.tsx" path="/Users/cesarfontalvo/Documents/Proyectos/Pruebas/test-frontend-juanpi/test-frontend/src/components/PrimaryButton.tsx">
        <metrics statements="1" coveredstatements="1" conditionals="2" coveredconditionals="2" methods="1" coveredmethods="1"/>
        <line num="8" count="3" type="stmt"/>
      </file>
      <file name="ProductInCart.tsx" path="/Users/cesarfontalvo/Documents/Proyectos/Pruebas/test-frontend-juanpi/test-frontend/src/components/ProductInCart.tsx">
        <metrics statements="4" coveredstatements="3" conditionals="0" coveredconditionals="0" methods="2" coveredmethods="1"/>
        <line num="19" count="1" type="stmt"/>
        <line num="21" count="1" type="stmt"/>
        <line num="22" count="0" type="stmt"/>
        <line num="24" count="1" type="stmt"/>
      </file>
    </package>
    <package name="hooks">
      <metrics statements="2" coveredstatements="2" conditionals="0" coveredconditionals="0" methods="2" coveredmethods="2"/>
      <file name="useTypedSelector.tsx" path="/Users/cesarfontalvo/Documents/Proyectos/Pruebas/test-frontend-juanpi/test-frontend/src/hooks/useTypedSelector.tsx">
        <metrics statements="2" coveredstatements="2" conditionals="0" coveredconditionals="0" methods="2" coveredmethods="2"/>
        <line num="5" count="10" type="stmt"/>
        <line num="6" count="5" type="stmt"/>
      </file>
    </package>
    <package name="reducers">
      <metrics statements="20" coveredstatements="17" conditionals="17" coveredconditionals="11" methods="7" coveredmethods="4"/>
      <file name="CartReducer.ts" path="/Users/cesarfontalvo/Documents/Proyectos/Pruebas/test-frontend-juanpi/test-frontend/src/reducers/CartReducer.ts">
        <metrics statements="19" coveredstatements="16" conditionals="17" coveredconditionals="11" methods="7" coveredmethods="4"/>
        <line num="30" count="4" type="stmt"/>
        <line num="53" count="4" type="stmt"/>
        <line num="57" count="22" type="cond" truecount="7" falsecount="1"/>
        <line num="59" count="1" type="stmt"/>
        <line num="60" count="1" type="stmt"/>
        <line num="62" count="1" type="stmt"/>
        <line num="64" count="1" type="cond" truecount="1" falsecount="1"/>
        <line num="68" count="0" type="cond" truecount="0" falsecount="2"/>
        <line num="79" count="1" type="stmt"/>
        <line num="80" count="1" type="stmt"/>
        <line num="83" count="1" type="cond" truecount="1" falsecount="1"/>
        <line num="87" count="1" type="cond" truecount="1" falsecount="1"/>
        <line num="94" count="0" type="stmt"/>
        <line num="98" count="1" type="stmt"/>
        <line num="104" count="1" type="stmt"/>
        <line num="110" count="1" type="stmt"/>
        <line num="116" count="2" type="stmt"/>
        <line num="125" count="0" type="stmt"/>
        <line num="131" count="15" type="stmt"/>
      </file>
      <file name="index.ts" path="/Users/cesarfontalvo/Documents/Proyectos/Pruebas/test-frontend-juanpi/test-frontend/src/reducers/index.ts">
        <metrics statements="1" coveredstatements="1" conditionals="0" coveredconditionals="0" methods="0" coveredmethods="0"/>
        <line num="5" count="3" type="stmt"/>
      </file>
    </package>
    <package name="store">
      <metrics statements="5" coveredstatements="5" conditionals="0" coveredconditionals="0" methods="1" coveredmethods="1"/>
      <file name="index.ts" path="/Users/cesarfontalvo/Documents/Proyectos/Pruebas/test-frontend-juanpi/test-frontend/src/store/index.ts">
        <metrics statements="5" coveredstatements="5" conditionals="0" coveredconditionals="0" methods="1" coveredmethods="1"/>
        <line num="6" count="3" type="stmt"/>
        <line num="12" count="3" type="stmt"/>
        <line num="15" count="3" type="stmt"/>
        <line num="16" count="3" type="stmt"/>
        <line num="17" count="3" type="stmt"/>
      </file>
    </package>
    <package name="types">
      <metrics statements="7" coveredstatements="7" conditionals="0" coveredconditionals="0" methods="0" coveredmethods="0"/>
      <file name="index.ts" path="/Users/cesarfontalvo/Documents/Proyectos/Pruebas/test-frontend-juanpi/test-frontend/src/types/index.ts">
        <metrics statements="7" coveredstatements="7" conditionals="0" coveredconditionals="0" methods="0" coveredmethods="0"/>
        <line num="1" count="4" type="stmt"/>
        <line num="2" count="4" type="stmt"/>
        <line num="3" count="4" type="stmt"/>
        <line num="4" count="4" type="stmt"/>
        <line num="5" count="4" type="stmt"/>
        <line num="6" count="4" type="stmt"/>
        <line num="7" count="4" type="stmt"/>
      </file>
    </package>
    <package name="utils">
      <metrics statements="34" coveredstatements="33" conditionals="26" coveredconditionals="22" methods="7" coveredmethods="7"/>
      <file name="utils.tsx" path="/Users/cesarfontalvo/Documents/Proyectos/Pruebas/test-frontend-juanpi/test-frontend/src/utils/utils.tsx">
        <metrics statements="34" coveredstatements="33" conditionals="26" coveredconditionals="22" methods="7" coveredmethods="7"/>
        <line num="8" count="4" type="stmt"/>
        <line num="9" count="4" type="stmt"/>
        <line num="10" count="4" type="stmt"/>
        <line num="11" count="8" type="stmt"/>
        <line num="13" count="4" type="cond" truecount="2" falsecount="0"/>
        <line num="22" count="3" type="cond" truecount="2" falsecount="0"/>
        <line num="23" count="1" type="stmt"/>
        <line num="25" count="2" type="stmt"/>
        <line num="26" count="2" type="stmt"/>
        <line num="27" count="2" type="cond" truecount="4" falsecount="0"/>
        <line num="28" count="1" type="stmt"/>
        <line num="30" count="1" type="stmt"/>
        <line num="31" count="8" type="stmt"/>
        <line num="32" count="8" type="cond" truecount="1" falsecount="1"/>
        <line num="33" count="0" type="stmt"/>
        <line num="35" count="8" type="stmt"/>
        <line num="37" count="16" type="stmt"/>
        <line num="38" count="1" type="stmt"/>
        <line num="47" count="3" type="cond" truecount="2" falsecount="0"/>
        <line num="48" count="2" type="stmt"/>
        <line num="52" count="2" type="stmt"/>
        <line num="61" count="2" type="cond" truecount="4" falsecount="0"/>
        <line num="62" count="2" type="stmt"/>
        <line num="70" count="8" type="stmt"/>
        <line num="71" count="3" type="stmt"/>
        <line num="72" count="3" type="stmt"/>
        <line num="74" count="3" type="stmt"/>
        <line num="75" count="3" type="cond" truecount="1" falsecount="1"/>
        <line num="76" count="3" type="cond" truecount="2" falsecount="0"/>
        <line num="79" count="3" type="stmt"/>
        <line num="80" count="3" type="cond" truecount="1" falsecount="1"/>
        <line num="81" count="3" type="cond" truecount="2" falsecount="0"/>
        <line num="85" count="3" type="stmt"/>
        <line num="89" count="3" type="stmt"/>
      </file>
    </package>
  </project>
</coverage>
