{"/Users/cesarfontalvo/Documents/Proyectos/Pruebas/test-frontend-juanpi/test-frontend/src/UI/CartDrawer.tsx": {"path":"/Users/cesarfontalvo/Documents/Proyectos/Pruebas/test-frontend-juanpi/test-frontend/src/UI/CartDrawer.tsx","statementMap":{"0":{"start":{"line":13,"column":23},"end":{"line":13,"column":25}},"1":{"start":{"line":16,"column":51},"end":{"line":16,"column":77}},"2":{"start":{"line":17,"column":19},"end":{"line":17,"column":32}},"3":{"start":{"line":19,"column":23},"end":{"line":21,"column":3}},"4":{"start":{"line":19,"column":45},"end":{"line":21,"column":3}},"5":{"start":{"line":20,"column":4},"end":{"line":20,"column":40}},"6":{"start":{"line":23,"column":2},"end":{"line":61,"column":4}}},"fnMap":{"0":{"name":"CartDrawer","decl":{"start":{"line":15,"column":24},"end":{"line":15,"column":34}},"loc":{"start":{"line":15,"column":37},"end":{"line":62,"column":1}},"line":15},"1":{"name":"(anonymous_1)","decl":{"start":{"line":19,"column":23},"end":{"line":19,"column":24}},"loc":{"start":{"line":19,"column":45},"end":{"line":21,"column":3}},"line":19},"2":{"name":"(anonymous_2)","decl":{"start":{"line":19,"column":45},"end":{"line":19,"column":46}},"loc":{"start":{"line":19,"column":51},"end":{"line":21,"column":3}},"line":19}},"branchMap":{"0":{"loc":{"start":{"line":58,"column":9},"end":{"line":58,"column":64}},"type":"cond-expr","locations":[{"start":{"line":58,"column":30},"end":{"line":58,"column":45}},{"start":{"line":58,"column":48},"end":{"line":58,"column":64}}],"line":58}},"s":{"0":1,"1":1,"2":1,"3":1,"4":3,"5":0,"6":1},"f":{"0":1,"1":3,"2":0},"b":{"0":[0,1]},"_coverageSchema":"1a1c01bbd47fc00a2c39e90264f33305004495a9","hash":"75128a1618f318633f3ccdab95d4af065aff9f73"}
,"/Users/cesarfontalvo/Documents/Proyectos/Pruebas/test-frontend-juanpi/test-frontend/src/UI/FinalStatus.tsx": {"path":"/Users/cesarfontalvo/Documents/Proyectos/Pruebas/test-frontend-juanpi/test-frontend/src/UI/FinalStatus.tsx","statementMap":{"0":{"start":{"line":11,"column":19},"end":{"line":11,"column":32}},"1":{"start":{"line":12,"column":36},"end":{"line":12,"column":62}},"2":{"start":{"line":13,"column":24},"end":{"line":13,"column":31}},"3":{"start":{"line":14,"column":16},"end":{"line":14,"column":57}},"4":{"start":{"line":14,"column":30},"end":{"line":14,"column":48}},"5":{"start":{"line":16,"column":28},"end":{"line":20,"column":3}},"6":{"start":{"line":17,"column":4},"end":{"line":17,"column":44}},"7":{"start":{"line":18,"column":4},"end":{"line":18,"column":26}},"8":{"start":{"line":19,"column":4},"end":{"line":19,"column":38}},"9":{"start":{"line":21,"column":2},"end":{"line":52,"column":4}}},"fnMap":{"0":{"name":"FinalStatus","decl":{"start":{"line":10,"column":9},"end":{"line":10,"column":20}},"loc":{"start":{"line":10,"column":25},"end":{"line":53,"column":1}},"line":10},"1":{"name":"(anonymous_1)","decl":{"start":{"line":14,"column":24},"end":{"line":14,"column":25}},"loc":{"start":{"line":14,"column":30},"end":{"line":14,"column":48}},"line":14},"2":{"name":"(anonymous_2)","decl":{"start":{"line":16,"column":28},"end":{"line":16,"column":29}},"loc":{"start":{"line":16,"column":34},"end":{"line":20,"column":3}},"line":16}},"branchMap":{},"s":{"0":0,"1":0,"2":0,"3":0,"4":0,"5":0,"6":0,"7":0,"8":0,"9":0},"f":{"0":0,"1":0,"2":0},"b":{},"_coverageSchema":"1a1c01bbd47fc00a2c39e90264f33305004495a9","hash":"e9ea72dc99d757a6f70c905a5b29052acf5be6cb"}
,"/Users/cesarfontalvo/Documents/Proyectos/Pruebas/test-frontend-juanpi/test-frontend/src/actions/index.ts": {"path":"/Users/cesarfontalvo/Documents/Proyectos/Pruebas/test-frontend-juanpi/test-frontend/src/actions/index.ts","statementMap":{"0":{"start":{"line":9,"column":25},"end":{"line":9,"column":93}},"1":{"start":{"line":9,"column":60},"end":{"line":9,"column":92}},"2":{"start":{"line":15,"column":30},"end":{"line":15,"column":108}},"3":{"start":{"line":15,"column":64},"end":{"line":15,"column":107}},"4":{"start":{"line":21,"column":32},"end":{"line":21,"column":116}},"5":{"start":{"line":21,"column":72},"end":{"line":21,"column":115}},"6":{"start":{"line":27,"column":34},"end":{"line":27,"column":122}},"7":{"start":{"line":27,"column":76},"end":{"line":27,"column":121}},"8":{"start":{"line":33,"column":38},"end":{"line":33,"column":134}},"9":{"start":{"line":33,"column":84},"end":{"line":33,"column":133}},"10":{"start":{"line":43,"column":26},"end":{"line":43,"column":99}},"11":{"start":{"line":43,"column":63},"end":{"line":43,"column":98}},"12":{"start":{"line":45,"column":25},"end":{"line":45,"column":51}},"13":{"start":{"line":45,"column":32},"end":{"line":45,"column":50}}},"fnMap":{"0":{"name":"(anonymous_0)","decl":{"start":{"line":9,"column":25},"end":{"line":9,"column":26}},"loc":{"start":{"line":9,"column":60},"end":{"line":9,"column":92}},"line":9},"1":{"name":"(anonymous_1)","decl":{"start":{"line":15,"column":30},"end":{"line":15,"column":31}},"loc":{"start":{"line":15,"column":64},"end":{"line":15,"column":107}},"line":15},"2":{"name":"(anonymous_2)","decl":{"start":{"line":21,"column":32},"end":{"line":21,"column":33}},"loc":{"start":{"line":21,"column":72},"end":{"line":21,"column":115}},"line":21},"3":{"name":"(anonymous_3)","decl":{"start":{"line":27,"column":34},"end":{"line":27,"column":35}},"loc":{"start":{"line":27,"column":76},"end":{"line":27,"column":121}},"line":27},"4":{"name":"(anonymous_4)","decl":{"start":{"line":33,"column":38},"end":{"line":33,"column":39}},"loc":{"start":{"line":33,"column":84},"end":{"line":33,"column":133}},"line":33},"5":{"name":"(anonymous_5)","decl":{"start":{"line":43,"column":26},"end":{"line":43,"column":27}},"loc":{"start":{"line":43,"column":63},"end":{"line":43,"column":98}},"line":43},"6":{"name":"(anonymous_6)","decl":{"start":{"line":45,"column":25},"end":{"line":45,"column":26}},"loc":{"start":{"line":45,"column":32},"end":{"line":45,"column":50}},"line":45}},"branchMap":{},"s":{"0":3,"1":0,"2":3,"3":0,"4":3,"5":0,"6":3,"7":0,"8":3,"9":0,"10":3,"11":1,"12":3,"13":0},"f":{"0":0,"1":0,"2":0,"3":0,"4":0,"5":1,"6":0},"b":{},"_coverageSchema":"1a1c01bbd47fc00a2c39e90264f33305004495a9","hash":"697070c7b7f1f2d3cbbe3c3e58dc7deb48e20097"}
,"/Users/cesarfontalvo/Documents/Proyectos/Pruebas/test-frontend-juanpi/test-frontend/src/components/CartOverview.tsx": {"path":"/Users/cesarfontalvo/Documents/Proyectos/Pruebas/test-frontend-juanpi/test-frontend/src/components/CartOverview.tsx","statementMap":{"0":{"start":{"line":12,"column":0},"end":{"line":26,"column":2}},"1":{"start":{"line":15,"column":24},"end":{"line":15,"column":58}},"2":{"start":{"line":16,"column":29},"end":{"line":16,"column":71}},"3":{"start":{"line":17,"column":28},"end":{"line":17,"column":73}},"4":{"start":{"line":17,"column":61},"end":{"line":17,"column":72}},"5":{"start":{"line":19,"column":4},"end":{"line":23,"column":5}},"6":{"start":{"line":20,"column":6},"end":{"line":20,"column":70}},"7":{"start":{"line":22,"column":6},"end":{"line":22,"column":70}},"8":{"start":{"line":29,"column":19},"end":{"line":29,"column":32}},"9":{"start":{"line":30,"column":32},"end":{"line":30,"column":47}},"10":{"start":{"line":31,"column":36},"end":{"line":31,"column":62}},"11":{"start":{"line":32,"column":16},"end":{"line":32,"column":57}},"12":{"start":{"line":32,"column":30},"end":{"line":32,"column":48}},"13":{"start":{"line":34,"column":24},"end":{"line":60,"column":3}},"14":{"start":{"line":35,"column":4},"end":{"line":58,"column":5}},"15":{"start":{"line":36,"column":6},"end":{"line":36,"column":23}},"16":{"start":{"line":37,"column":23},"end":{"line":46,"column":8}},"17":{"start":{"line":48,"column":27},"end":{"line":48,"column":48}},"18":{"start":{"line":50,"column":6},"end":{"line":55,"column":7}},"19":{"start":{"line":51,"column":8},"end":{"line":51,"column":47}},"20":{"start":{"line":52,"column":8},"end":{"line":52,"column":45}},"21":{"start":{"line":54,"column":8},"end":{"line":54,"column":51}},"22":{"start":{"line":57,"column":6},"end":{"line":57,"column":53}},"23":{"start":{"line":59,"column":4},"end":{"line":59,"column":22}},"24":{"start":{"line":62,"column":2},"end":{"line":62,"column":47}},"25":{"start":{"line":62,"column":25},"end":{"line":62,"column":47}},"26":{"start":{"line":63,"column":2},"end":{"line":88,"column":4}},"27":{"start":{"line":69,"column":12},"end":{"line":75,"column":14}}},"fnMap":{"0":{"name":"(anonymous_0)","decl":{"start":{"line":14,"column":2},"end":{"line":14,"column":3}},"loc":{"start":{"line":14,"column":18},"end":{"line":24,"column":3}},"line":14},"1":{"name":"(anonymous_1)","decl":{"start":{"line":17,"column":51},"end":{"line":17,"column":52}},"loc":{"start":{"line":17,"column":61},"end":{"line":17,"column":72}},"line":17},"2":{"name":"CartOverview","decl":{"start":{"line":28,"column":9},"end":{"line":28,"column":21}},"loc":{"start":{"line":28,"column":24},"end":{"line":89,"column":1}},"line":28},"3":{"name":"(anonymous_3)","decl":{"start":{"line":32,"column":24},"end":{"line":32,"column":25}},"loc":{"start":{"line":32,"column":30},"end":{"line":32,"column":48}},"line":32},"4":{"name":"(anonymous_4)","decl":{"start":{"line":34,"column":24},"end":{"line":34,"column":25}},"loc":{"start":{"line":34,"column":36},"end":{"line":60,"column":3}},"line":34},"5":{"name":"(anonymous_5)","decl":{"start":{"line":68,"column":20},"end":{"line":68,"column":21}},"loc":{"start":{"line":69,"column":12},"end":{"line":75,"column":14}},"line":69}},"branchMap":{"0":{"loc":{"start":{"line":19,"column":4},"end":{"line":23,"column":5}},"type":"if","locations":[{"start":{"line":19,"column":4},"end":{"line":23,"column":5}},{"start":{"line":21,"column":11},"end":{"line":23,"column":5}}],"line":19},"1":{"loc":{"start":{"line":50,"column":6},"end":{"line":55,"column":7}},"type":"if","locations":[{"start":{"line":50,"column":6},"end":{"line":55,"column":7}},{"start":{"line":53,"column":13},"end":{"line":55,"column":7}}],"line":50},"2":{"loc":{"start":{"line":62,"column":2},"end":{"line":62,"column":47}},"type":"if","locations":[{"start":{"line":62,"column":2},"end":{"line":62,"column":47}},{"start":{},"end":{}}],"line":62},"3":{"loc":{"start":{"line":66,"column":9},"end":{"line":66,"column":44}},"type":"binary-expr","locations":[{"start":{"line":66,"column":9},"end":{"line":66,"column":26}},{"start":{"line":66,"column":30},"end":{"line":66,"column":44}}],"line":66}},"s":{"0":1,"1":0,"2":0,"3":0,"4":0,"5":0,"6":0,"7":0,"8":1,"9":1,"10":1,"11":1,"12":1,"13":1,"14":0,"15":0,"16":0,"17":0,"18":0,"19":0,"20":0,"21":0,"22":0,"23":0,"24":1,"25":1,"26":0,"27":0},"f":{"0":0,"1":0,"2":1,"3":1,"4":0,"5":0},"b":{"0":[0,0],"1":[0,0],"2":[1,0],"3":[0,0]},"_coverageSchema":"1a1c01bbd47fc00a2c39e90264f33305004495a9","hash":"e60b88fcd755d6147bfb3d2331504e24de42bbfa"}
,"/Users/cesarfontalvo/Documents/Proyectos/Pruebas/test-frontend-juanpi/test-frontend/src/components/CreditCardInput.tsx": {"path":"/Users/cesarfontalvo/Documents/Proyectos/Pruebas/test-frontend-juanpi/test-frontend/src/components/CreditCardInput.tsx","statementMap":{"0":{"start":{"line":11,"column":43},"end":{"line":15,"column":1}},"1":{"start":{"line":18,"column":19},"end":{"line":18,"column":32}},"2":{"start":{"line":19,"column":36},"end":{"line":19,"column":62}},"3":{"start":{"line":21,"column":27},"end":{"line":27,"column":3}},"4":{"start":{"line":22,"column":17},"end":{"line":22,"column":35}},"5":{"start":{"line":23,"column":4},"end":{"line":26,"column":7}},"6":{"start":{"line":29,"column":27},"end":{"line":32,"column":3}},"7":{"start":{"line":30,"column":33},"end":{"line":30,"column":53}},"8":{"start":{"line":31,"column":4},"end":{"line":31,"column":60}},"9":{"start":{"line":33,"column":2},"end":{"line":51,"column":4}}},"fnMap":{"0":{"name":"CreditCardInput","decl":{"start":{"line":17,"column":9},"end":{"line":17,"column":24}},"loc":{"start":{"line":17,"column":51},"end":{"line":52,"column":1}},"line":17},"1":{"name":"(anonymous_1)","decl":{"start":{"line":21,"column":27},"end":{"line":21,"column":28}},"loc":{"start":{"line":21,"column":75},"end":{"line":27,"column":3}},"line":21},"2":{"name":"(anonymous_2)","decl":{"start":{"line":29,"column":27},"end":{"line":29,"column":28}},"loc":{"start":{"line":29,"column":45},"end":{"line":32,"column":3}},"line":29}},"branchMap":{"0":{"loc":{"start":{"line":31,"column":11},"end":{"line":31,"column":59}},"type":"binary-expr","locations":[{"start":{"line":31,"column":11},"end":{"line":31,"column":46}},{"start":{"line":31,"column":50},"end":{"line":31,"column":59}}],"line":31}},"s":{"0":1,"1":3,"2":3,"3":3,"4":1,"5":1,"6":3,"7":3,"8":3,"9":3},"f":{"0":3,"1":1,"2":3},"b":{"0":[3,2]},"_coverageSchema":"1a1c01bbd47fc00a2c39e90264f33305004495a9","hash":"6592b969b060e2fa5cd6e5ed29d8d2d70cb8f9d7"}
,"/Users/cesarfontalvo/Documents/Proyectos/Pruebas/test-frontend-juanpi/test-frontend/src/components/DeleteFromCartButton.tsx": {"path":"/Users/cesarfontalvo/Documents/Proyectos/Pruebas/test-frontend-juanpi/test-frontend/src/components/DeleteFromCartButton.tsx","statementMap":{"0":{"start":{"line":6,"column":2},"end":{"line":13,"column":4}}},"fnMap":{"0":{"name":"DeleteFromCartButton","decl":{"start":{"line":5,"column":9},"end":{"line":5,"column":29}},"loc":{"start":{"line":5,"column":51},"end":{"line":14,"column":1}},"line":5}},"branchMap":{},"s":{"0":2},"f":{"0":2},"b":{},"_coverageSchema":"1a1c01bbd47fc00a2c39e90264f33305004495a9","hash":"dd938ad81516e7f224ad101e8c8cadbb5a119255"}
,"/Users/cesarfontalvo/Documents/Proyectos/Pruebas/test-frontend-juanpi/test-frontend/src/components/EmptyState.tsx": {"path":"/Users/cesarfontalvo/Documents/Proyectos/Pruebas/test-frontend-juanpi/test-frontend/src/components/EmptyState.tsx","statementMap":{"0":{"start":{"line":8,"column":2},"end":{"line":15,"column":4}}},"fnMap":{"0":{"name":"EmptyState","decl":{"start":{"line":7,"column":9},"end":{"line":7,"column":19}},"loc":{"start":{"line":7,"column":60},"end":{"line":16,"column":1}},"line":7}},"branchMap":{"0":{"loc":{"start":{"line":7,"column":22},"end":{"line":7,"column":39}},"type":"default-arg","locations":[{"start":{"line":7,"column":30},"end":{"line":7,"column":39}}],"line":7}},"s":{"0":3},"f":{"0":3},"b":{"0":[2]},"_coverageSchema":"1a1c01bbd47fc00a2c39e90264f33305004495a9","hash":"353c16914ec6100534234ecf45a5920bd57c1f38"}
,"/Users/cesarfontalvo/Documents/Proyectos/Pruebas/test-frontend-juanpi/test-frontend/src/components/Input.tsx": {"path":"/Users/cesarfontalvo/Documents/Proyectos/Pruebas/test-frontend-juanpi/test-frontend/src/components/Input.tsx","statementMap":{"0":{"start":{"line":4,"column":2},"end":{"line":4,"column":96}}},"fnMap":{"0":{"name":"Input","decl":{"start":{"line":3,"column":9},"end":{"line":3,"column":14}},"loc":{"start":{"line":3,"column":29},"end":{"line":5,"column":1}},"line":3}},"branchMap":{},"s":{"0":1},"f":{"0":1},"b":{},"_coverageSchema":"1a1c01bbd47fc00a2c39e90264f33305004495a9","hash":"33f93d76aa79612073c3f61267b0f46a94a855a2"}
,"/Users/cesarfontalvo/Documents/Proyectos/Pruebas/test-frontend-juanpi/test-frontend/src/components/Label.tsx": {"path":"/Users/cesarfontalvo/Documents/Proyectos/Pruebas/test-frontend-juanpi/test-frontend/src/components/Label.tsx","statementMap":{"0":{"start":{"line":3,"column":1},"end":{"line":3,"column":82}}},"fnMap":{"0":{"name":"Label","decl":{"start":{"line":2,"column":9},"end":{"line":2,"column":14}},"loc":{"start":{"line":2,"column":46},"end":{"line":4,"column":1}},"line":2}},"branchMap":{},"s":{"0":3},"f":{"0":3},"b":{},"_coverageSchema":"1a1c01bbd47fc00a2c39e90264f33305004495a9","hash":"b9b14d6679eba253af10bb93b1ea9141e6ba8504"}
,"/Users/cesarfontalvo/Documents/Proyectos/Pruebas/test-frontend-juanpi/test-frontend/src/components/Navbar.tsx": {"path":"/Users/cesarfontalvo/Documents/Proyectos/Pruebas/test-frontend-juanpi/test-frontend/src/components/Navbar.tsx","statementMap":{"0":{"start":{"line":6,"column":2},"end":{"line":13,"column":4}}},"fnMap":{"0":{"name":"Navbar","decl":{"start":{"line":5,"column":9},"end":{"line":5,"column":15}},"loc":{"start":{"line":5,"column":33},"end":{"line":14,"column":1}},"line":5}},"branchMap":{},"s":{"0":1},"f":{"0":1},"b":{},"_coverageSchema":"1a1c01bbd47fc00a2c39e90264f33305004495a9","hash":"a2793d80a74f5babbcfbb6ad8a49964696e546ad"}
,"/Users/cesarfontalvo/Documents/Proyectos/Pruebas/test-frontend-juanpi/test-frontend/src/components/PrimaryButton.tsx": {"path":"/Users/cesarfontalvo/Documents/Proyectos/Pruebas/test-frontend-juanpi/test-frontend/src/components/PrimaryButton.tsx","statementMap":{"0":{"start":{"line":8,"column":2},"end":{"line":20,"column":4}}},"fnMap":{"0":{"name":"PrimaryButton","decl":{"start":{"line":7,"column":9},"end":{"line":7,"column":22}},"loc":{"start":{"line":7,"column":63},"end":{"line":21,"column":1}},"line":7}},"branchMap":{"0":{"loc":{"start":{"line":13,"column":7},"end":{"line":17,"column":14}},"type":"cond-expr","locations":[{"start":{"line":14,"column":8},"end":{"line":16,"column":15}},{"start":{"line":17,"column":10},"end":{"line":17,"column":14}}],"line":13}},"s":{"0":3},"f":{"0":3},"b":{"0":[2,1]},"_coverageSchema":"1a1c01bbd47fc00a2c39e90264f33305004495a9","hash":"57c282d4156aeef9d530254ff80bc88d5efbff8f"}
,"/Users/cesarfontalvo/Documents/Proyectos/Pruebas/test-frontend-juanpi/test-frontend/src/components/ProductInCart.tsx": {"path":"/Users/cesarfontalvo/Documents/Proyectos/Pruebas/test-frontend-juanpi/test-frontend/src/components/ProductInCart.tsx","statementMap":{"0":{"start":{"line":19,"column":19},"end":{"line":19,"column":32}},"1":{"start":{"line":21,"column":23},"end":{"line":23,"column":3}},"2":{"start":{"line":22,"column":4},"end":{"line":22,"column":33}},"3":{"start":{"line":24,"column":2},"end":{"line":35,"column":4}}},"fnMap":{"0":{"name":"ProductCard","decl":{"start":{"line":13,"column":9},"end":{"line":13,"column":20}},"loc":{"start":{"line":18,"column":21},"end":{"line":36,"column":1}},"line":18},"1":{"name":"(anonymous_1)","decl":{"start":{"line":21,"column":23},"end":{"line":21,"column":24}},"loc":{"start":{"line":21,"column":29},"end":{"line":23,"column":3}},"line":21}},"branchMap":{},"s":{"0":1,"1":1,"2":0,"3":1},"f":{"0":1,"1":0},"b":{},"_coverageSchema":"1a1c01bbd47fc00a2c39e90264f33305004495a9","hash":"4588f07f46233eb3aee49e95cf9e4d83ba74e119"}
,"/Users/cesarfontalvo/Documents/Proyectos/Pruebas/test-frontend-juanpi/test-frontend/src/hooks/useTypedSelector.tsx": {"path":"/Users/cesarfontalvo/Documents/Proyectos/Pruebas/test-frontend-juanpi/test-frontend/src/hooks/useTypedSelector.tsx","statementMap":{"0":{"start":{"line":5,"column":18},"end":{"line":5,"column":82}},"1":{"start":{"line":5,"column":67},"end":{"line":5,"column":81}},"2":{"start":{"line":6,"column":4},"end":{"line":6,"column":32}}},"fnMap":{"0":{"name":"useTypedShoppingSelector","decl":{"start":{"line":4,"column":16},"end":{"line":4,"column":40}},"loc":{"start":{"line":4,"column":43},"end":{"line":7,"column":1}},"line":4},"1":{"name":"(anonymous_1)","decl":{"start":{"line":5,"column":56},"end":{"line":5,"column":57}},"loc":{"start":{"line":5,"column":67},"end":{"line":5,"column":81}},"line":5}},"branchMap":{},"s":{"0":5,"1":10,"2":5},"f":{"0":5,"1":10},"b":{},"_coverageSchema":"1a1c01bbd47fc00a2c39e90264f33305004495a9","hash":"9bff08c00193ca4cb520eccfdc4111eac505068f"}
,"/Users/cesarfontalvo/Documents/Proyectos/Pruebas/test-frontend-juanpi/test-frontend/src/reducers/CartReducer.ts": {"path":"/Users/cesarfontalvo/Documents/Proyectos/Pruebas/test-frontend-juanpi/test-frontend/src/reducers/CartReducer.ts","statementMap":{"0":{"start":{"line":30,"column":35},"end":{"line":51,"column":1}},"1":{"start":{"line":53,"column":63},"end":{"line":133,"column":1}},"2":{"start":{"line":57,"column":2},"end":{"line":132,"column":3}},"3":{"start":{"line":59,"column":20},"end":{"line":61,"column":7}},"4":{"start":{"line":60,"column":21},"end":{"line":60,"column":50}},"5":{"start":{"line":62,"column":23},"end":{"line":62,"column":73}},"6":{"start":{"line":62,"column":49},"end":{"line":62,"column":72}},"7":{"start":{"line":64,"column":6},"end":{"line":76,"column":12}},"8":{"start":{"line":68,"column":14},"end":{"line":70,"column":22}},"9":{"start":{"line":79,"column":25},"end":{"line":81,"column":15}},"10":{"start":{"line":80,"column":15},"end":{"line":80,"column":38}},"11":{"start":{"line":83,"column":6},"end":{"line":95,"column":12}},"12":{"start":{"line":87,"column":14},"end":{"line":89,"column":22}},"13":{"start":{"line":94,"column":46},"end":{"line":94,"column":72}},"14":{"start":{"line":98,"column":6},"end":{"line":101,"column":8}},"15":{"start":{"line":104,"column":6},"end":{"line":107,"column":8}},"16":{"start":{"line":110,"column":6},"end":{"line":113,"column":8}},"17":{"start":{"line":116,"column":6},"end":{"line":122,"column":8}},"18":{"start":{"line":125,"column":6},"end":{"line":128,"column":8}},"19":{"start":{"line":131,"column":6},"end":{"line":131,"column":19}}},"fnMap":{"0":{"name":"(anonymous_0)","decl":{"start":{"line":53,"column":63},"end":{"line":53,"column":64}},"loc":{"start":{"line":56,"column":5},"end":{"line":133,"column":1}},"line":56},"1":{"name":"(anonymous_1)","decl":{"start":{"line":60,"column":8},"end":{"line":60,"column":9}},"loc":{"start":{"line":60,"column":21},"end":{"line":60,"column":50}},"line":60},"2":{"name":"(anonymous_2)","decl":{"start":{"line":62,"column":39},"end":{"line":62,"column":40}},"loc":{"start":{"line":62,"column":49},"end":{"line":62,"column":72}},"line":62},"3":{"name":"(anonymous_3)","decl":{"start":{"line":67,"column":33},"end":{"line":67,"column":34}},"loc":{"start":{"line":68,"column":14},"end":{"line":70,"column":22}},"line":68},"4":{"name":"(anonymous_4)","decl":{"start":{"line":80,"column":8},"end":{"line":80,"column":9}},"loc":{"start":{"line":80,"column":15},"end":{"line":80,"column":38}},"line":80},"5":{"name":"(anonymous_5)","decl":{"start":{"line":86,"column":33},"end":{"line":86,"column":34}},"loc":{"start":{"line":87,"column":14},"end":{"line":89,"column":22}},"line":87},"6":{"name":"(anonymous_6)","decl":{"start":{"line":94,"column":36},"end":{"line":94,"column":37}},"loc":{"start":{"line":94,"column":46},"end":{"line":94,"column":72}},"line":94}},"branchMap":{"0":{"loc":{"start":{"line":54,"column":2},"end":{"line":54,"column":22}},"type":"default-arg","locations":[{"start":{"line":54,"column":10},"end":{"line":54,"column":22}}],"line":54},"1":{"loc":{"start":{"line":57,"column":2},"end":{"line":132,"column":3}},"type":"switch","locations":[{"start":{"line":58,"column":4},"end":{"line":77,"column":5}},{"start":{"line":78,"column":4},"end":{"line":96,"column":5}},{"start":{"line":97,"column":4},"end":{"line":102,"column":5}},{"start":{"line":103,"column":4},"end":{"line":108,"column":5}},{"start":{"line":109,"column":4},"end":{"line":114,"column":5}},{"start":{"line":115,"column":4},"end":{"line":123,"column":5}},{"start":{"line":124,"column":4},"end":{"line":129,"column":5}},{"start":{"line":130,"column":4},"end":{"line":131,"column":19}}],"line":57},"2":{"loc":{"start":{"line":64,"column":13},"end":{"line":76,"column":11}},"type":"cond-expr","locations":[{"start":{"line":65,"column":10},"end":{"line":72,"column":11}},{"start":{"line":73,"column":10},"end":{"line":76,"column":11}}],"line":64},"3":{"loc":{"start":{"line":68,"column":14},"end":{"line":70,"column":22}},"type":"cond-expr","locations":[{"start":{"line":69,"column":18},"end":{"line":69,"column":58}},{"start":{"line":70,"column":18},"end":{"line":70,"column":22}}],"line":68},"4":{"loc":{"start":{"line":83,"column":13},"end":{"line":95,"column":11}},"type":"cond-expr","locations":[{"start":{"line":84,"column":10},"end":{"line":91,"column":11}},{"start":{"line":92,"column":10},"end":{"line":95,"column":11}}],"line":83},"5":{"loc":{"start":{"line":87,"column":14},"end":{"line":89,"column":22}},"type":"cond-expr","locations":[{"start":{"line":88,"column":18},"end":{"line":88,"column":58}},{"start":{"line":89,"column":18},"end":{"line":89,"column":22}}],"line":87}},"s":{"0":4,"1":4,"2":22,"3":1,"4":1,"5":1,"6":0,"7":1,"8":0,"9":1,"10":1,"11":1,"12":1,"13":0,"14":1,"15":1,"16":1,"17":2,"18":0,"19":15},"f":{"0":22,"1":1,"2":0,"3":0,"4":1,"5":1,"6":0},"b":{"0":[9],"1":[1,1,1,1,1,2,0,15],"2":[0,1],"3":[0,0],"4":[1,0],"5":[1,0]},"_coverageSchema":"1a1c01bbd47fc00a2c39e90264f33305004495a9","hash":"319f9999101f5d339c63fe01554a8db53d8709b1"}
,"/Users/cesarfontalvo/Documents/Proyectos/Pruebas/test-frontend-juanpi/test-frontend/src/reducers/index.ts": {"path":"/Users/cesarfontalvo/Documents/Proyectos/Pruebas/test-frontend-juanpi/test-frontend/src/reducers/index.ts","statementMap":{"0":{"start":{"line":5,"column":16},"end":{"line":7,"column":2}}},"fnMap":{},"branchMap":{},"s":{"0":3},"f":{},"b":{},"_coverageSchema":"1a1c01bbd47fc00a2c39e90264f33305004495a9","hash":"a4f754131e3a135a1e52072b0fd3cb504a77e711"}
,"/Users/cesarfontalvo/Documents/Proyectos/Pruebas/test-frontend-juanpi/test-frontend/src/store/index.ts": {"path":"/Users/cesarfontalvo/Documents/Proyectos/Pruebas/test-frontend-juanpi/test-frontend/src/store/index.ts","statementMap":{"0":{"start":{"line":6,"column":22},"end":{"line":10,"column":3}},"1":{"start":{"line":12,"column":27},"end":{"line":12,"column":72}},"2":{"start":{"line":15,"column":16},"end":{"line":15,"column":45}},"3":{"start":{"line":16,"column":20},"end":{"line":16,"column":39}},"4":{"start":{"line":17,"column":4},"end":{"line":17,"column":31}}},"fnMap":{"0":{"name":"(anonymous_0)","decl":{"start":{"line":14,"column":15},"end":{"line":14,"column":16}},"loc":{"start":{"line":14,"column":21},"end":{"line":18,"column":3}},"line":14}},"branchMap":{},"s":{"0":3,"1":3,"2":3,"3":3,"4":3},"f":{"0":3},"b":{},"_coverageSchema":"1a1c01bbd47fc00a2c39e90264f33305004495a9","hash":"5aa20ec8d98806c8fec47391210e2a86ee68fc00"}
,"/Users/cesarfontalvo/Documents/Proyectos/Pruebas/test-frontend-juanpi/test-frontend/src/types/index.ts": {"path":"/Users/cesarfontalvo/Documents/Proyectos/Pruebas/test-frontend-juanpi/test-frontend/src/types/index.ts","statementMap":{"0":{"start":{"line":1,"column":27},"end":{"line":1,"column":40}},"1":{"start":{"line":2,"column":36},"end":{"line":2,"column":58}},"2":{"start":{"line":3,"column":26},"end":{"line":3,"column":38}},"3":{"start":{"line":4,"column":34},"end":{"line":4,"column":54}},"4":{"start":{"line":5,"column":36},"end":{"line":5,"column":58}},"5":{"start":{"line":6,"column":40},"end":{"line":6,"column":66}},"6":{"start":{"line":7,"column":27},"end":{"line":7,"column":40}}},"fnMap":{},"branchMap":{},"s":{"0":4,"1":4,"2":4,"3":4,"4":4,"5":4,"6":4},"f":{},"b":{},"_coverageSchema":"1a1c01bbd47fc00a2c39e90264f33305004495a9","hash":"3c88ce4a025a6baae6312f95b6beb747a7a84ed6"}
,"/Users/cesarfontalvo/Documents/Proyectos/Pruebas/test-frontend-juanpi/test-frontend/src/utils/utils.tsx": {"path":"/Users/cesarfontalvo/Documents/Proyectos/Pruebas/test-frontend-juanpi/test-frontend/src/utils/utils.tsx","statementMap":{"0":{"start":{"line":8,"column":20},"end":{"line":8,"column":69}},"1":{"start":{"line":9,"column":20},"end":{"line":9,"column":22}},"2":{"start":{"line":10,"column":2},"end":{"line":12,"column":5}},"3":{"start":{"line":10,"column":15},"end":{"line":10,"column":16}},"4":{"start":{"line":11,"column":6},"end":{"line":11,"column":52}},"5":{"start":{"line":13,"column":2},"end":{"line":13,"column":60}},"6":{"start":{"line":22,"column":2},"end":{"line":24,"column":3}},"7":{"start":{"line":23,"column":4},"end":{"line":23,"column":17}},"8":{"start":{"line":25,"column":29},"end":{"line":25,"column":52}},"9":{"start":{"line":26,"column":17},"end":{"line":26,"column":57}},"10":{"start":{"line":27,"column":2},"end":{"line":29,"column":3}},"11":{"start":{"line":28,"column":4},"end":{"line":28,"column":17}},"12":{"start":{"line":30,"column":2},"end":{"line":36,"column":3}},"13":{"start":{"line":30,"column":15},"end":{"line":30,"column":32}},"14":{"start":{"line":31,"column":17},"end":{"line":31,"column":30}},"15":{"start":{"line":32,"column":4},"end":{"line":34,"column":5}},"16":{"start":{"line":33,"column":6},"end":{"line":33,"column":18}},"17":{"start":{"line":35,"column":4},"end":{"line":35,"column":23}},"18":{"start":{"line":37,"column":14},"end":{"line":37,"column":63}},"19":{"start":{"line":37,"column":46},"end":{"line":37,"column":59}},"20":{"start":{"line":38,"column":2},"end":{"line":38,"column":24}},"21":{"start":{"line":47,"column":2},"end":{"line":47,"column":30}},"22":{"start":{"line":47,"column":14},"end":{"line":47,"column":30}},"23":{"start":{"line":48,"column":22},"end":{"line":51,"column":4}},"24":{"start":{"line":52,"column":2},"end":{"line":52,"column":21}},"25":{"start":{"line":61,"column":2},"end":{"line":61,"column":41}},"26":{"start":{"line":61,"column":31},"end":{"line":61,"column":41}},"27":{"start":{"line":62,"column":2},"end":{"line":62,"column":80}},"28":{"start":{"line":62,"column":38},"end":{"line":62,"column":76}},"29":{"start":{"line":70,"column":36},"end":{"line":90,"column":1}},"30":{"start":{"line":71,"column":16},"end":{"line":71,"column":60}},"31":{"start":{"line":72,"column":15},"end":{"line":72,"column":59}},"32":{"start":{"line":74,"column":23},"end":{"line":74,"column":28}},"33":{"start":{"line":75,"column":2},"end":{"line":77,"column":3}},"34":{"start":{"line":76,"column":4},"end":{"line":76,"column":54}},"35":{"start":{"line":79,"column":22},"end":{"line":79,"column":26}},"36":{"start":{"line":80,"column":2},"end":{"line":82,"column":3}},"37":{"start":{"line":81,"column":4},"end":{"line":81,"column":53}},"38":{"start":{"line":85,"column":4},"end":{"line":87,"column":36}},"39":{"start":{"line":89,"column":2},"end":{"line":89,"column":19}}},"fnMap":{"0":{"name":"CardFormatter","decl":{"start":{"line":7,"column":16},"end":{"line":7,"column":29}},"loc":{"start":{"line":7,"column":53},"end":{"line":14,"column":1}},"line":7},"1":{"name":"luhnValidation","decl":{"start":{"line":21,"column":16},"end":{"line":21,"column":30}},"loc":{"start":{"line":21,"column":54},"end":{"line":39,"column":1}},"line":21},"2":{"name":"(anonymous_2)","decl":{"start":{"line":37,"column":28},"end":{"line":37,"column":29}},"loc":{"start":{"line":37,"column":46},"end":{"line":37,"column":59}},"line":37},"3":{"name":"formatCurrency","decl":{"start":{"line":46,"column":16},"end":{"line":46,"column":30}},"loc":{"start":{"line":46,"column":76},"end":{"line":53,"column":1}},"line":46},"4":{"name":"getCartTotal","decl":{"start":{"line":60,"column":16},"end":{"line":60,"column":28}},"loc":{"start":{"line":60,"column":41},"end":{"line":63,"column":1}},"line":60},"5":{"name":"(anonymous_5)","decl":{"start":{"line":62,"column":20},"end":{"line":62,"column":21}},"loc":{"start":{"line":62,"column":38},"end":{"line":62,"column":76}},"line":62},"6":{"name":"(anonymous_6)","decl":{"start":{"line":70,"column":36},"end":{"line":70,"column":37}},"loc":{"start":{"line":70,"column":63},"end":{"line":90,"column":1}},"line":70}},"branchMap":{"0":{"loc":{"start":{"line":13,"column":9},"end":{"line":13,"column":59}},"type":"cond-expr","locations":[{"start":{"line":13,"column":32},"end":{"line":13,"column":51}},{"start":{"line":13,"column":54},"end":{"line":13,"column":59}}],"line":13},"1":{"loc":{"start":{"line":22,"column":2},"end":{"line":24,"column":3}},"type":"if","locations":[{"start":{"line":22,"column":2},"end":{"line":24,"column":3}},{"start":{},"end":{}}],"line":22},"2":{"loc":{"start":{"line":27,"column":2},"end":{"line":29,"column":3}},"type":"if","locations":[{"start":{"line":27,"column":2},"end":{"line":29,"column":3}},{"start":{},"end":{}}],"line":27},"3":{"loc":{"start":{"line":27,"column":6},"end":{"line":27,"column":42}},"type":"binary-expr","locations":[{"start":{"line":27,"column":6},"end":{"line":27,"column":22}},{"start":{"line":27,"column":26},"end":{"line":27,"column":42}}],"line":27},"4":{"loc":{"start":{"line":32,"column":4},"end":{"line":34,"column":5}},"type":"if","locations":[{"start":{"line":32,"column":4},"end":{"line":34,"column":5}},{"start":{},"end":{}}],"line":32},"5":{"loc":{"start":{"line":47,"column":2},"end":{"line":47,"column":30}},"type":"if","locations":[{"start":{"line":47,"column":2},"end":{"line":47,"column":30}},{"start":{},"end":{}}],"line":47},"6":{"loc":{"start":{"line":61,"column":2},"end":{"line":61,"column":41}},"type":"if","locations":[{"start":{"line":61,"column":2},"end":{"line":61,"column":41}},{"start":{},"end":{}}],"line":61},"7":{"loc":{"start":{"line":61,"column":5},"end":{"line":61,"column":29}},"type":"binary-expr","locations":[{"start":{"line":61,"column":5},"end":{"line":61,"column":9}},{"start":{"line":61,"column":13},"end":{"line":61,"column":29}}],"line":61},"8":{"loc":{"start":{"line":75,"column":2},"end":{"line":77,"column":3}},"type":"if","locations":[{"start":{"line":75,"column":2},"end":{"line":77,"column":3}},{"start":{},"end":{}}],"line":75},"9":{"loc":{"start":{"line":76,"column":21},"end":{"line":76,"column":53}},"type":"cond-expr","locations":[{"start":{"line":76,"column":43},"end":{"line":76,"column":48}},{"start":{"line":76,"column":51},"end":{"line":76,"column":53}}],"line":76},"10":{"loc":{"start":{"line":80,"column":2},"end":{"line":82,"column":3}},"type":"if","locations":[{"start":{"line":80,"column":2},"end":{"line":82,"column":3}},{"start":{},"end":{}}],"line":80},"11":{"loc":{"start":{"line":81,"column":20},"end":{"line":81,"column":52}},"type":"cond-expr","locations":[{"start":{"line":81,"column":43},"end":{"line":81,"column":47}},{"start":{"line":81,"column":50},"end":{"line":81,"column":52}}],"line":81},"12":{"loc":{"start":{"line":86,"column":5},"end":{"line":86,"column":32}},"type":"cond-expr","locations":[{"start":{"line":86,"column":24},"end":{"line":86,"column":27}},{"start":{"line":86,"column":30},"end":{"line":86,"column":32}}],"line":86}},"s":{"0":4,"1":4,"2":4,"3":4,"4":8,"5":4,"6":3,"7":1,"8":2,"9":2,"10":2,"11":1,"12":1,"13":1,"14":8,"15":8,"16":0,"17":8,"18":1,"19":16,"20":1,"21":3,"22":1,"23":2,"24":2,"25":2,"26":1,"27":1,"28":2,"29":8,"30":3,"31":3,"32":3,"33":3,"34":3,"35":3,"36":3,"37":3,"38":3,"39":3},"f":{"0":4,"1":3,"2":16,"3":3,"4":2,"5":2,"6":3},"b":{"0":[2,2],"1":[1,2],"2":[1,1],"3":[2,1],"4":[0,8],"5":[1,2],"6":[1,1],"7":[2,2],"8":[3,0],"9":[2,1],"10":[3,0],"11":[2,1],"12":[3,0]},"_coverageSchema":"1a1c01bbd47fc00a2c39e90264f33305004495a9","hash":"7bd154f7899c0d24904e074b2c37a9d0e63aea16"}
}
