TN:
SF:src/UI/CartDrawer.tsx
FN:15,CartDrawer
FN:19,(anonymous_1)
FN:19,(anonymous_2)
FNF:3
FNH:2
FNDA:1,CartDrawer
FNDA:3,(anonymous_1)
FNDA:0,(anonymous_2)
DA:13,1
DA:16,1
DA:17,1
DA:19,3
DA:20,0
DA:23,1
LF:6
LH:5
BRDA:58,0,0,0
BRDA:58,0,1,1
BRF:2
BRH:1
end_of_record
TN:
SF:src/UI/FinalStatus.tsx
FN:10,FinalStatus
FN:14,(anonymous_1)
FN:16,(anonymous_2)
FNF:3
FNH:0
FNDA:0,FinalStatus
FNDA:0,(anonymous_1)
FNDA:0,(anonymous_2)
DA:11,0
DA:12,0
DA:13,0
DA:14,0
DA:16,0
DA:17,0
DA:18,0
DA:19,0
DA:21,0
LF:9
LH:0
BRF:0
BRH:0
end_of_record
TN:
SF:src/actions/index.ts
FN:9,(anonymous_0)
FN:15,(anonymous_1)
FN:21,(anonymous_2)
FN:27,(anonymous_3)
FN:33,(anonymous_4)
FN:43,(anonymous_5)
FN:45,(anonymous_6)
FNF:7
FNH:1
FNDA:0,(anonymous_0)
FNDA:0,(anonymous_1)
FNDA:0,(anonymous_2)
FNDA:0,(anonymous_3)
FNDA:0,(anonymous_4)
FNDA:1,(anonymous_5)
FNDA:0,(anonymous_6)
DA:9,3
DA:15,3
DA:21,3
DA:27,3
DA:33,3
DA:43,3
DA:45,3
LF:7
LH:7
BRF:0
BRH:0
end_of_record
TN:
SF:src/components/CartOverview.tsx
FN:14,(anonymous_0)
FN:17,(anonymous_1)
FN:28,CartOverview
FN:32,(anonymous_3)
FN:34,(anonymous_4)
FN:68,(anonymous_5)
FNF:6
FNH:2
FNDA:0,(anonymous_0)
FNDA:0,(anonymous_1)
FNDA:1,CartOverview
FNDA:1,(anonymous_3)
FNDA:0,(anonymous_4)
FNDA:0,(anonymous_5)
DA:12,1
DA:15,0
DA:16,0
DA:17,0
DA:19,0
DA:20,0
DA:22,0
DA:29,1
DA:30,1
DA:31,1
DA:32,1
DA:34,1
DA:35,0
DA:36,0
DA:37,0
DA:48,0
DA:50,0
DA:51,0
DA:52,0
DA:54,0
DA:57,0
DA:59,0
DA:62,1
DA:63,0
DA:69,0
LF:25
LH:7
BRDA:19,0,0,0
BRDA:19,0,1,0
BRDA:50,1,0,0
BRDA:50,1,1,0
BRDA:62,2,0,1
BRDA:62,2,1,0
BRDA:66,3,0,0
BRDA:66,3,1,0
BRF:8
BRH:1
end_of_record
TN:
SF:src/components/CreditCardInput.tsx
FN:17,CreditCardInput
FN:21,(anonymous_1)
FN:29,(anonymous_2)
FNF:3
FNH:3
FNDA:3,CreditCardInput
FNDA:1,(anonymous_1)
FNDA:3,(anonymous_2)
DA:11,1
DA:18,3
DA:19,3
DA:21,3
DA:22,1
DA:23,1
DA:29,3
DA:30,3
DA:31,3
DA:33,3
LF:10
LH:10
BRDA:31,0,0,3
BRDA:31,0,1,2
BRF:2
BRH:2
end_of_record
TN:
SF:src/components/DeleteFromCartButton.tsx
FN:5,DeleteFromCartButton
FNF:1
FNH:1
FNDA:2,DeleteFromCartButton
DA:6,2
LF:1
LH:1
BRF:0
BRH:0
end_of_record
TN:
SF:src/components/EmptyState.tsx
FN:7,EmptyState
FNF:1
FNH:1
FNDA:3,EmptyState
DA:8,3
LF:1
LH:1
BRDA:7,0,0,2
BRF:1
BRH:1
end_of_record
TN:
SF:src/components/Input.tsx
FN:3,Input
FNF:1
FNH:1
FNDA:1,Input
DA:4,1
LF:1
LH:1
BRF:0
BRH:0
end_of_record
TN:
SF:src/components/Label.tsx
FN:2,Label
FNF:1
FNH:1
FNDA:3,Label
DA:3,3
LF:1
LH:1
BRF:0
BRH:0
end_of_record
TN:
SF:src/components/Navbar.tsx
FN:5,Navbar
FNF:1
FNH:1
FNDA:1,Navbar
DA:6,1
LF:1
LH:1
BRF:0
BRH:0
end_of_record
TN:
SF:src/components/PrimaryButton.tsx
FN:7,PrimaryButton
FNF:1
FNH:1
FNDA:3,PrimaryButton
DA:8,3
LF:1
LH:1
BRDA:13,0,0,2
BRDA:13,0,1,1
BRF:2
BRH:2
end_of_record
TN:
SF:src/components/ProductInCart.tsx
FN:13,ProductCard
FN:21,(anonymous_1)
FNF:2
FNH:1
FNDA:1,ProductCard
FNDA:0,(anonymous_1)
DA:19,1
DA:21,1
DA:22,0
DA:24,1
LF:4
LH:3
BRF:0
BRH:0
end_of_record
TN:
SF:src/hooks/useTypedSelector.tsx
FN:4,useTypedShoppingSelector
FN:5,(anonymous_1)
FNF:2
FNH:2
FNDA:5,useTypedShoppingSelector
FNDA:10,(anonymous_1)
DA:5,10
DA:6,5
LF:2
LH:2
BRF:0
BRH:0
end_of_record
TN:
SF:src/reducers/CartReducer.ts
FN:53,(anonymous_0)
FN:60,(anonymous_1)
FN:62,(anonymous_2)
FN:67,(anonymous_3)
FN:80,(anonymous_4)
FN:86,(anonymous_5)
FN:94,(anonymous_6)
FNF:7
FNH:4
FNDA:22,(anonymous_0)
FNDA:1,(anonymous_1)
FNDA:0,(anonymous_2)
FNDA:0,(anonymous_3)
FNDA:1,(anonymous_4)
FNDA:1,(anonymous_5)
FNDA:0,(anonymous_6)
DA:30,4
DA:53,4
DA:57,22
DA:59,1
DA:60,1
DA:62,1
DA:64,1
DA:68,0
DA:79,1
DA:80,1
DA:83,1
DA:87,1
DA:94,0
DA:98,1
DA:104,1
DA:110,1
DA:116,2
DA:125,0
DA:131,15
LF:19
LH:16
BRDA:54,0,0,9
BRDA:57,1,0,1
BRDA:57,1,1,1
BRDA:57,1,2,1
BRDA:57,1,3,1
BRDA:57,1,4,1
BRDA:57,1,5,2
BRDA:57,1,6,0
BRDA:57,1,7,15
BRDA:64,2,0,0
BRDA:64,2,1,1
BRDA:68,3,0,0
BRDA:68,3,1,0
BRDA:83,4,0,1
BRDA:83,4,1,0
BRDA:87,5,0,1
BRDA:87,5,1,0
BRF:17
BRH:11
end_of_record
TN:
SF:src/reducers/index.ts
FNF:0
FNH:0
DA:5,3
LF:1
LH:1
BRF:0
BRH:0
end_of_record
TN:
SF:src/store/index.ts
FN:14,(anonymous_0)
FNF:1
FNH:1
FNDA:3,(anonymous_0)
DA:6,3
DA:12,3
DA:15,3
DA:16,3
DA:17,3
LF:5
LH:5
BRF:0
BRH:0
end_of_record
TN:
SF:src/types/index.ts
FNF:0
FNH:0
DA:1,4
DA:2,4
DA:3,4
DA:4,4
DA:5,4
DA:6,4
DA:7,4
LF:7
LH:7
BRF:0
BRH:0
end_of_record
TN:
SF:src/utils/utils.tsx
FN:7,CardFormatter
FN:21,luhnValidation
FN:37,(anonymous_2)
FN:46,formatCurrency
FN:60,getCartTotal
FN:62,(anonymous_5)
FN:70,(anonymous_6)
FNF:7
FNH:7
FNDA:4,CardFormatter
FNDA:3,luhnValidation
FNDA:16,(anonymous_2)
FNDA:3,formatCurrency
FNDA:2,getCartTotal
FNDA:2,(anonymous_5)
FNDA:3,(anonymous_6)
DA:8,4
DA:9,4
DA:10,4
DA:11,8
DA:13,4
DA:22,3
DA:23,1
DA:25,2
DA:26,2
DA:27,2
DA:28,1
DA:30,1
DA:31,8
DA:32,8
DA:33,0
DA:35,8
DA:37,16
DA:38,1
DA:47,3
DA:48,2
DA:52,2
DA:61,2
DA:62,2
DA:70,8
DA:71,3
DA:72,3
DA:74,3
DA:75,3
DA:76,3
DA:79,3
DA:80,3
DA:81,3
DA:85,3
DA:89,3
LF:34
LH:33
BRDA:13,0,0,2
BRDA:13,0,1,2
BRDA:22,1,0,1
BRDA:22,1,1,2
BRDA:27,2,0,1
BRDA:27,2,1,1
BRDA:27,3,0,2
BRDA:27,3,1,1
BRDA:32,4,0,0
BRDA:32,4,1,8
BRDA:47,5,0,1
BRDA:47,5,1,2
BRDA:61,6,0,1
BRDA:61,6,1,1
BRDA:61,7,0,2
BRDA:61,7,1,2
BRDA:75,8,0,3
BRDA:75,8,1,0
BRDA:76,9,0,2
BRDA:76,9,1,1
BRDA:80,10,0,3
BRDA:80,10,1,0
BRDA:81,11,0,2
BRDA:81,11,1,1
BRDA:86,12,0,3
BRDA:86,12,1,0
BRF:26
BRH:22
end_of_record
